<?xml version="1.0" encoding="UTF-8"?>
<!-- Generated by org.testng.reporters.JUnitReportReporter -->
<testsuite hostname="HI" failures="0" tests="1" name="Scripts.Abc" time="0.056" errors="0" timestamp="2023-06-05T14:56:47 IST" skipped="0">
  <testcase classname="Scripts.Abc" name="abc" time="0.056"/>
  <system-out/>
</testsuite> <!-- Scripts.Abc -->
