<?xml version="1.0" encoding="UTF-8"?>
<!-- Generated by org.testng.reporters.JUnitReportReporter -->
<testsuite hostname="HI" failures="0" tests="2" name="Scripts.Login_Tests" time="14.501" errors="0" timestamp="2023-08-16T15:39:08 IST" skipped="0">
  <testcase classname="Scripts.Login_Tests" name="validCredentials" time="6.269"/>
  <system-out/>
  <testcase classname="Scripts.Login_Tests" name="invalidCredentials" time="8.232"/>
  <system-out/>
</testsuite> <!-- Scripts.Login_Tests -->
