<?xml version="1.0" encoding="UTF-8"?>
<!-- Generated by org.testng.reporters.JUnitReportReporter -->
<testsuite hostname="HI" failures="0" tests="1" name="ErrorProducts.Error" time="3.237" errors="0" timestamp="2023-10-25T12:05:44 IST" skipped="0">
  <testcase classname="ErrorProducts.Error" name="find" time="3.237"/>
  <system-out/>
</testsuite> <!-- ErrorProducts.Error -->
