<?xml version="1.0" encoding="UTF-8"?>
<!-- Generated by org.testng.reporters.JUnitReportReporter -->
<testsuite hostname="HI" failures="0" tests="1" name="ErrorProducts.Error" time="5.150" errors="0" timestamp="2023-09-27T12:21:45 IST" skipped="0">
  <testcase classname="ErrorProducts.Error" name="find" time="5.150"/>
  <system-out/>
</testsuite> <!-- ErrorProducts.Error -->
