<?xml version="1.0" encoding="UTF-8"?>
<!-- Generated by org.testng.reporters.JUnitReportReporter -->
<testsuite hostname="HI" failures="0" tests="1" name="Ayatana.Abc" time="8.439" errors="0" timestamp="2023-08-14T22:01:39 IST" skipped="0">
  <testcase classname="Ayatana.Abc" name="content" time="8.439"/>
  <system-out/>
</testsuite> <!-- Ayatana.Abc -->
