<?xml version="1.0" encoding="UTF-8"?>
<!-- Generated by org.testng.reporters.JUnitReportReporter -->
<testsuite hostname="HI" failures="0" tests="3" name="Scripts.Signup_test" time="22.835" errors="0" timestamp="2023-06-13T17:55:09 IST" skipped="0">
  <testcase classname="Scripts.Signup_test" name="validDetails" time="10.772"/>
  <system-out/>
  <testcase classname="Scripts.Signup_test" name="invalidEmailid" time="6.179"/>
  <system-out/>
  <testcase classname="Scripts.Signup_test" name="passwordMismatch" time="5.884"/>
  <system-out/>
</testsuite> <!-- Scripts.Signup_test -->
