<?xml version="1.0" encoding="UTF-8"?>
<!-- Generated by org.testng.reporters.JUnitReportReporter -->
<testsuite hostname="HI" failures="0" tests="1" name="Shopify.ProductsCreate" time="20.336" errors="0" timestamp="2023-09-19T17:16:28 IST" skipped="0">
  <testcase classname="Shopify.ProductsCreate" name="productsAdding" time="20.336"/>
  <system-out/>
</testsuite> <!-- Shopify.ProductsCreate -->
