<?xml version="1.0" encoding="UTF-8"?>
<!-- Generated by org.testng.reporters.JUnitReportReporter -->
<testsuite hostname="Nandeesh" failures="0" tests="1" name="Scripts.AI" time="0.016" errors="0" timestamp="2023-11-17T10:09:42 IST" skipped="0">
  <testcase classname="Scripts.AI" name="ma" time="0.016"/>
  <system-out/>
</testsuite> <!-- Scripts.AI -->
