<?xml version="1.0" encoding="UTF-8"?>
<!-- Generated by org.testng.reporters.JUnitReportReporter -->
<testsuite hostname="HI" failures="0" tests="1" name="Ayatana.ContentUploading" time="71.845" errors="0" timestamp="2023-08-10T20:38:38 IST" skipped="0">
  <testcase classname="Ayatana.ContentUploading" name="content" time="71.845"/>
  <system-out/>
</testsuite> <!-- Ayatana.ContentUploading -->
