<?xml version="1.0" encoding="UTF-8"?>
<!-- Generated by org.testng.reporters.JUnitReportReporter -->
<testsuite hostname="HI" failures="0" tests="1" name="Shopify.Collections_creation" time="1099.422" errors="0" timestamp="2023-09-20T16:54:44 IST" skipped="0">
  <testcase classname="Shopify.Collections_creation" name="collection" time="1099.422"/>
  <system-out/>
</testsuite> <!-- Shopify.Collections_creation -->
